<?xml version="1.0" encoding="UTF-8"?>
<testsuite name="org.launchcode.caninecoach.CaninecoachApplicationTests" tests="1" skipped="0" failures="0" errors="0" timestamp="2024-02-05T05:44:33" hostname="Lucys-Air.lan" time="0.358">
  <properties/>
  <testcase name="contextLoads()" classname="org.launchcode.caninecoach.CaninecoachApplicationTests" time="0.358"/>
  <system-out><![CDATA[23:44:30.037 [Test worker] INFO org.springframework.test.context.support.AnnotationConfigContextLoaderUtils -- Could not detect default configuration classes for test class [org.launchcode.caninecoach.CaninecoachApplicationTests]: CaninecoachApplicationTests does not declare any static, non-private, non-final, nested classes annotated with @Configuration.
23:44:30.126 [Test worker] INFO org.springframework.boot.test.context.SpringBootTestContextBootstrapper -- Found @SpringBootConfiguration org.launchcode.caninecoach.CaninecoachApplication for test class org.launchcode.caninecoach.CaninecoachApplicationTests

  .   ____          _            __ _ _
 /\\ / ___'_ __ _ _(_)_ __  __ _ \ \ \ \
( ( )\___ | '_ | '_| | '_ \/ _` | \ \ \ \
 \\/  ___)| |_)| | | | | || (_| |  ) ) ) )
  '  |____| .__|_| |_|_| |_\__, | / / / /
 =========|_|==============|___/=/_/_/_/
 :: Spring Boot ::             (v3.3.0-M1)

2024-02-04T23:44:30.435-06:00  INFO 18785 --- [    Test worker] o.l.c.CaninecoachApplicationTests        : Starting CaninecoachApplicationTests using Java 17.0.8 with PID 18785 (started by lucydames in /Users/lucydames/IdeaProjects/group-michael-2/caninecoach)
2024-02-04T23:44:30.437-06:00  INFO 18785 --- [    Test worker] o.l.c.CaninecoachApplicationTests        : No active profile set, falling back to 1 default profile: "default"
2024-02-04T23:44:31.019-06:00  INFO 18785 --- [    Test worker] .s.d.r.c.RepositoryConfigurationDelegate : Bootstrapping Spring Data JPA repositories in DEFAULT mode.
2024-02-04T23:44:31.054-06:00  INFO 18785 --- [    Test worker] .s.d.r.c.RepositoryConfigurationDelegate : Finished Spring Data repository scanning in 30 ms. Found 1 JPA repository interface.
2024-02-04T23:44:31.405-06:00  INFO 18785 --- [    Test worker] o.hibernate.jpa.internal.util.LogHelper  : HHH000204: Processing PersistenceUnitInfo [name: default]
2024-02-04T23:44:31.453-06:00  INFO 18785 --- [    Test worker] org.hibernate.Version                    : HHH000412: Hibernate ORM core version 6.4.1.Final
2024-02-04T23:44:31.479-06:00  INFO 18785 --- [    Test worker] o.h.c.internal.RegionFactoryInitiator    : HHH000026: Second-level cache disabled
2024-02-04T23:44:31.650-06:00  INFO 18785 --- [    Test worker] o.s.o.j.p.SpringPersistenceUnitInfo      : No LoadTimeWeaver setup: ignoring JPA class transformer
2024-02-04T23:44:31.670-06:00  INFO 18785 --- [    Test worker] com.zaxxer.hikari.HikariDataSource       : HikariPool-1 - Starting...
2024-02-04T23:44:31.882-06:00  INFO 18785 --- [    Test worker] com.zaxxer.hikari.pool.HikariPool        : HikariPool-1 - Added connection com.mysql.cj.jdbc.ConnectionImpl@18faaff6
2024-02-04T23:44:31.883-06:00  INFO 18785 --- [    Test worker] com.zaxxer.hikari.HikariDataSource       : HikariPool-1 - Start completed.
2024-02-04T23:44:31.928-06:00  WARN 18785 --- [    Test worker] org.hibernate.orm.deprecation            : HHH90000025: MySQL8Dialect does not need to be specified explicitly using 'hibernate.dialect' (remove the property setting and it will be selected by default)
2024-02-04T23:44:31.929-06:00  WARN 18785 --- [    Test worker] org.hibernate.orm.deprecation            : HHH90000026: MySQL8Dialect has been deprecated; use org.hibernate.dialect.MySQLDialect instead
2024-02-04T23:44:32.581-06:00  INFO 18785 --- [    Test worker] o.h.e.t.j.p.i.JtaPlatformInitiator       : HHH000489: No JTA platform available (set 'hibernate.transaction.jta.platform' to enable JTA platform integration)
2024-02-04T23:44:32.621-06:00  INFO 18785 --- [    Test worker] j.LocalContainerEntityManagerFactoryBean : Initialized JPA EntityManagerFactory for persistence unit 'default'
2024-02-04T23:44:32.975-06:00  WARN 18785 --- [    Test worker] JpaBaseConfiguration$JpaWebConfiguration : spring.jpa.open-in-view is enabled by default. Therefore, database queries may be performed during view rendering. Explicitly configure spring.jpa.open-in-view to disable this warning
2024-02-04T23:44:33.246-06:00  INFO 18785 --- [    Test worker] o.s.s.web.DefaultSecurityFilterChain     : Will secure any request with [org.springframework.security.web.session.DisableEncodeUrlFilter@1a6df932, org.springframework.security.web.context.request.async.WebAsyncManagerIntegrationFilter@74120029, org.springframework.security.web.context.SecurityContextHolderFilter@58dea0a7, org.springframework.security.web.header.HeaderWriterFilter@601ca994, org.springframework.web.filter.CorsFilter@3031d9e9, org.springframework.security.web.authentication.logout.LogoutFilter@6cee52e2, org.springframework.security.oauth2.client.web.OAuth2AuthorizationRequestRedirectFilter@4830c979, org.springframework.security.oauth2.client.web.OAuth2LoginAuthenticationFilter@61e4a072, org.springframework.security.web.authentication.ui.DefaultLoginPageGeneratingFilter@25814d3c, org.springframework.security.web.authentication.ui.DefaultLogoutPageGeneratingFilter@1415f18d, org.springframework.security.web.authentication.www.BasicAuthenticationFilter@f83616, org.springframework.security.web.savedrequest.RequestCacheAwareFilter@18c95fbb, org.springframework.security.web.servletapi.SecurityContextHolderAwareRequestFilter@36c5a4b7, org.springframework.security.web.authentication.AnonymousAuthenticationFilter@61c42e54, org.springframework.security.web.session.SessionManagementFilter@5432be12, org.springframework.security.web.access.ExceptionTranslationFilter@7e44f989, org.springframework.security.web.access.intercept.AuthorizationFilter@5f0a5848]
2024-02-04T23:44:33.525-06:00  INFO 18785 --- [    Test worker] o.l.c.CaninecoachApplicationTests        : Started CaninecoachApplicationTests in 3.282 seconds (process running for 4.155)
]]></system-out>
  <system-err><![CDATA[]]></system-err>
</testsuite>
