<?xml version="1.0" encoding="UTF-8"?>
<testsuite name="org.launchcode.caninecoach.CaninecoachApplicationTests" tests="1" skipped="0" failures="0" errors="0" timestamp="2024-02-05T15:50:57" hostname="Lucys-Air.lan" time="0.365">
  <properties/>
  <testcase name="contextLoads()" classname="org.launchcode.caninecoach.CaninecoachApplicationTests" time="0.365"/>
  <system-out><![CDATA[09:50:54.457 [Test worker] INFO org.springframework.test.context.support.AnnotationConfigContextLoaderUtils -- Could not detect default configuration classes for test class [org.launchcode.caninecoach.CaninecoachApplicationTests]: CaninecoachApplicationTests does not declare any static, non-private, non-final, nested classes annotated with @Configuration.
09:50:54.537 [Test worker] INFO org.springframework.boot.test.context.SpringBootTestContextBootstrapper -- Found @SpringBootConfiguration org.launchcode.caninecoach.CaninecoachApplication for test class org.launchcode.caninecoach.CaninecoachApplicationTests

  .   ____          _            __ _ _
 /\\ / ___'_ __ _ _(_)_ __  __ _ \ \ \ \
( ( )\___ | '_ | '_| | '_ \/ _` | \ \ \ \
 \\/  ___)| |_)| | | | | || (_| |  ) ) ) )
  '  |____| .__|_| |_|_| |_\__, | / / / /
 =========|_|==============|___/=/_/_/_/
 :: Spring Boot ::             (v3.3.0-M1)

2024-02-05T09:50:54.783-06:00  INFO 92565 --- [    Test worker] o.l.c.CaninecoachApplicationTests        : Starting CaninecoachApplicationTests using Java 17.0.8 with PID 92565 (started by lucydames in /Users/lucydames/IdeaProjects/group-michael-2/caninecoach)
2024-02-05T09:50:54.784-06:00  INFO 92565 --- [    Test worker] o.l.c.CaninecoachApplicationTests        : No active profile set, falling back to 1 default profile: "default"
2024-02-05T09:50:55.279-06:00  INFO 92565 --- [    Test worker] .s.d.r.c.RepositoryConfigurationDelegate : Bootstrapping Spring Data JPA repositories in DEFAULT mode.
2024-02-05T09:50:55.321-06:00  INFO 92565 --- [    Test worker] .s.d.r.c.RepositoryConfigurationDelegate : Finished Spring Data repository scanning in 31 ms. Found 1 JPA repository interface.
2024-02-05T09:50:55.658-06:00  INFO 92565 --- [    Test worker] o.hibernate.jpa.internal.util.LogHelper  : HHH000204: Processing PersistenceUnitInfo [name: default]
2024-02-05T09:50:55.699-06:00  INFO 92565 --- [    Test worker] org.hibernate.Version                    : HHH000412: Hibernate ORM core version 6.4.1.Final
2024-02-05T09:50:55.722-06:00  INFO 92565 --- [    Test worker] o.h.c.internal.RegionFactoryInitiator    : HHH000026: Second-level cache disabled
2024-02-05T09:50:55.876-06:00  INFO 92565 --- [    Test worker] o.s.o.j.p.SpringPersistenceUnitInfo      : No LoadTimeWeaver setup: ignoring JPA class transformer
2024-02-05T09:50:55.895-06:00  INFO 92565 --- [    Test worker] com.zaxxer.hikari.HikariDataSource       : HikariPool-1 - Starting...
2024-02-05T09:50:56.104-06:00  INFO 92565 --- [    Test worker] com.zaxxer.hikari.pool.HikariPool        : HikariPool-1 - Added connection com.mysql.cj.jdbc.ConnectionImpl@51743cc0
2024-02-05T09:50:56.106-06:00  INFO 92565 --- [    Test worker] com.zaxxer.hikari.HikariDataSource       : HikariPool-1 - Start completed.
2024-02-05T09:50:56.139-06:00  WARN 92565 --- [    Test worker] org.hibernate.orm.deprecation            : HHH90000025: MySQL8Dialect does not need to be specified explicitly using 'hibernate.dialect' (remove the property setting and it will be selected by default)
2024-02-05T09:50:56.140-06:00  WARN 92565 --- [    Test worker] org.hibernate.orm.deprecation            : HHH90000026: MySQL8Dialect has been deprecated; use org.hibernate.dialect.MySQLDialect instead
2024-02-05T09:50:56.686-06:00  INFO 92565 --- [    Test worker] o.h.e.t.j.p.i.JtaPlatformInitiator       : HHH000489: No JTA platform available (set 'hibernate.transaction.jta.platform' to enable JTA platform integration)
2024-02-05T09:50:56.721-06:00  INFO 92565 --- [    Test worker] j.LocalContainerEntityManagerFactoryBean : Initialized JPA EntityManagerFactory for persistence unit 'default'
2024-02-05T09:50:57.016-06:00  WARN 92565 --- [    Test worker] JpaBaseConfiguration$JpaWebConfiguration : spring.jpa.open-in-view is enabled by default. Therefore, database queries may be performed during view rendering. Explicitly configure spring.jpa.open-in-view to disable this warning
2024-02-05T09:50:57.262-06:00  INFO 92565 --- [    Test worker] o.s.s.web.DefaultSecurityFilterChain     : Will secure any request with [org.springframework.security.web.session.DisableEncodeUrlFilter@66ad7167, org.springframework.security.web.context.request.async.WebAsyncManagerIntegrationFilter@14aa2123, org.springframework.security.web.context.SecurityContextHolderFilter@69542112, org.springframework.security.web.header.HeaderWriterFilter@cdc09d, org.springframework.web.filter.CorsFilter@7def62d0, org.springframework.security.web.authentication.logout.LogoutFilter@5e781b4f, org.springframework.security.oauth2.client.web.OAuth2AuthorizationRequestRedirectFilter@6ddc9001, org.springframework.security.oauth2.client.web.OAuth2LoginAuthenticationFilter@4884350b, org.springframework.security.web.authentication.ui.DefaultLoginPageGeneratingFilter@7af17d31, org.springframework.security.web.authentication.ui.DefaultLogoutPageGeneratingFilter@736eb2a2, org.springframework.security.web.authentication.www.BasicAuthenticationFilter@51e14cb6, org.springframework.security.web.savedrequest.RequestCacheAwareFilter@58829c2c, org.springframework.security.web.servletapi.SecurityContextHolderAwareRequestFilter@64f1b2fb, org.springframework.security.web.authentication.AnonymousAuthenticationFilter@7ec5d3e1, org.springframework.security.web.session.SessionManagementFilter@751526a7, org.springframework.security.web.access.ExceptionTranslationFilter@648bfebe, org.springframework.security.web.access.intercept.AuthorizationFilter@7c7b27c]
2024-02-05T09:50:57.563-06:00  INFO 92565 --- [    Test worker] o.l.c.CaninecoachApplicationTests        : Started CaninecoachApplicationTests in 2.928 seconds (process running for 3.889)
]]></system-out>
  <system-err><![CDATA[]]></system-err>
</testsuite>
