<?xml version="1.0" encoding="UTF-8"?>
<testsuite name="org.launchcode.caninecoach.CaninecoachApplicationTests" tests="1" skipped="0" failures="0" errors="0" timestamp="2024-02-05T13:30:59" hostname="Lucys-Air.lan" time="0.356">
  <properties/>
  <testcase name="contextLoads()" classname="org.launchcode.caninecoach.CaninecoachApplicationTests" time="0.356"/>
  <system-out><![CDATA[07:30:56.614 [Test worker] INFO org.springframework.test.context.support.AnnotationConfigContextLoaderUtils -- Could not detect default configuration classes for test class [org.launchcode.caninecoach.CaninecoachApplicationTests]: CaninecoachApplicationTests does not declare any static, non-private, non-final, nested classes annotated with @Configuration.
07:30:56.685 [Test worker] INFO org.springframework.boot.test.context.SpringBootTestContextBootstrapper -- Found @SpringBootConfiguration org.launchcode.caninecoach.CaninecoachApplication for test class org.launchcode.caninecoach.CaninecoachApplicationTests

  .   ____          _            __ _ _
 /\\ / ___'_ __ _ _(_)_ __  __ _ \ \ \ \
( ( )\___ | '_ | '_| | '_ \/ _` | \ \ \ \
 \\/  ___)| |_)| | | | | || (_| |  ) ) ) )
  '  |____| .__|_| |_|_| |_\__, | / / / /
 =========|_|==============|___/=/_/_/_/
 :: Spring Boot ::             (v3.3.0-M1)

2024-02-05T07:30:56.915-06:00  INFO 56202 --- [    Test worker] o.l.c.CaninecoachApplicationTests        : Starting CaninecoachApplicationTests using Java 17.0.8 with PID 56202 (started by lucydames in /Users/lucydames/IdeaProjects/group-michael-2/caninecoach)
2024-02-05T07:30:56.916-06:00  INFO 56202 --- [    Test worker] o.l.c.CaninecoachApplicationTests        : No active profile set, falling back to 1 default profile: "default"
2024-02-05T07:30:57.457-06:00  INFO 56202 --- [    Test worker] .s.d.r.c.RepositoryConfigurationDelegate : Bootstrapping Spring Data JPA repositories in DEFAULT mode.
2024-02-05T07:30:57.495-06:00  INFO 56202 --- [    Test worker] .s.d.r.c.RepositoryConfigurationDelegate : Finished Spring Data repository scanning in 32 ms. Found 1 JPA repository interface.
2024-02-05T07:30:57.808-06:00  INFO 56202 --- [    Test worker] o.hibernate.jpa.internal.util.LogHelper  : HHH000204: Processing PersistenceUnitInfo [name: default]
2024-02-05T07:30:57.839-06:00  INFO 56202 --- [    Test worker] org.hibernate.Version                    : HHH000412: Hibernate ORM core version 6.4.1.Final
2024-02-05T07:30:57.859-06:00  INFO 56202 --- [    Test worker] o.h.c.internal.RegionFactoryInitiator    : HHH000026: Second-level cache disabled
2024-02-05T07:30:58.002-06:00  INFO 56202 --- [    Test worker] o.s.o.j.p.SpringPersistenceUnitInfo      : No LoadTimeWeaver setup: ignoring JPA class transformer
2024-02-05T07:30:58.018-06:00  INFO 56202 --- [    Test worker] com.zaxxer.hikari.HikariDataSource       : HikariPool-1 - Starting...
2024-02-05T07:30:58.305-06:00  INFO 56202 --- [    Test worker] com.zaxxer.hikari.pool.HikariPool        : HikariPool-1 - Added connection com.mysql.cj.jdbc.ConnectionImpl@4468fda8
2024-02-05T07:30:58.306-06:00  INFO 56202 --- [    Test worker] com.zaxxer.hikari.HikariDataSource       : HikariPool-1 - Start completed.
2024-02-05T07:30:58.351-06:00  WARN 56202 --- [    Test worker] org.hibernate.orm.deprecation            : HHH90000025: MySQL8Dialect does not need to be specified explicitly using 'hibernate.dialect' (remove the property setting and it will be selected by default)
2024-02-05T07:30:58.352-06:00  WARN 56202 --- [    Test worker] org.hibernate.orm.deprecation            : HHH90000026: MySQL8Dialect has been deprecated; use org.hibernate.dialect.MySQLDialect instead
2024-02-05T07:30:58.842-06:00  INFO 56202 --- [    Test worker] o.h.e.t.j.p.i.JtaPlatformInitiator       : HHH000489: No JTA platform available (set 'hibernate.transaction.jta.platform' to enable JTA platform integration)
2024-02-05T07:30:58.893-06:00  INFO 56202 --- [    Test worker] j.LocalContainerEntityManagerFactoryBean : Initialized JPA EntityManagerFactory for persistence unit 'default'
2024-02-05T07:30:59.188-06:00  WARN 56202 --- [    Test worker] JpaBaseConfiguration$JpaWebConfiguration : spring.jpa.open-in-view is enabled by default. Therefore, database queries may be performed during view rendering. Explicitly configure spring.jpa.open-in-view to disable this warning
2024-02-05T07:30:59.399-06:00  INFO 56202 --- [    Test worker] o.s.s.web.DefaultSecurityFilterChain     : Will secure any request with [org.springframework.security.web.session.DisableEncodeUrlFilter@1a67bcaf, org.springframework.security.web.context.request.async.WebAsyncManagerIntegrationFilter@4f4b7a2e, org.springframework.security.web.context.SecurityContextHolderFilter@7a085d02, org.springframework.security.web.header.HeaderWriterFilter@1db9d253, org.springframework.web.filter.CorsFilter@334ac669, org.springframework.security.web.authentication.logout.LogoutFilter@6f9e6a85, org.springframework.security.oauth2.client.web.OAuth2AuthorizationRequestRedirectFilter@40273969, org.springframework.security.oauth2.client.web.OAuth2LoginAuthenticationFilter@f3e6876, org.springframework.security.web.authentication.ui.DefaultLoginPageGeneratingFilter@4e23ddf0, org.springframework.security.web.authentication.ui.DefaultLogoutPageGeneratingFilter@77430c79, org.springframework.security.web.authentication.www.BasicAuthenticationFilter@72e9f0f7, org.springframework.security.web.savedrequest.RequestCacheAwareFilter@7842260f, org.springframework.security.web.servletapi.SecurityContextHolderAwareRequestFilter@7cb4d4ee, org.springframework.security.web.authentication.AnonymousAuthenticationFilter@506654fa, org.springframework.security.web.session.SessionManagementFilter@1b2e841, org.springframework.security.web.access.ExceptionTranslationFilter@63f16350, org.springframework.security.web.access.intercept.AuthorizationFilter@823f978]
2024-02-05T07:30:59.658-06:00  INFO 56202 --- [    Test worker] o.l.c.CaninecoachApplicationTests        : Started CaninecoachApplicationTests in 2.88 seconds (process running for 3.664)
]]></system-out>
  <system-err><![CDATA[]]></system-err>
</testsuite>
