<?xml version="1.0" encoding="UTF-8"?>
<testsuite name="org.launchcode.caninecoach.CaninecoachApplicationTests" tests="1" skipped="0" failures="0" errors="0" timestamp="2024-02-05T21:28:08" hostname="Lucys-MacBook-Air.local" time="0.4">
  <properties/>
  <testcase name="contextLoads()" classname="org.launchcode.caninecoach.CaninecoachApplicationTests" time="0.4"/>
  <system-out><![CDATA[15:28:05.092 [Test worker] INFO org.springframework.test.context.support.AnnotationConfigContextLoaderUtils -- Could not detect default configuration classes for test class [org.launchcode.caninecoach.CaninecoachApplicationTests]: CaninecoachApplicationTests does not declare any static, non-private, non-final, nested classes annotated with @Configuration.
15:28:05.156 [Test worker] INFO org.springframework.boot.test.context.SpringBootTestContextBootstrapper -- Found @SpringBootConfiguration org.launchcode.caninecoach.CaninecoachApplication for test class org.launchcode.caninecoach.CaninecoachApplicationTests

  .   ____          _            __ _ _
 /\\ / ___'_ __ _ _(_)_ __  __ _ \ \ \ \
( ( )\___ | '_ | '_| | '_ \/ _` | \ \ \ \
 \\/  ___)| |_)| | | | | || (_| |  ) ) ) )
  '  |____| .__|_| |_|_| |_\__, | / / / /
 =========|_|==============|___/=/_/_/_/
 :: Spring Boot ::             (v3.3.0-M1)

2024-02-05T15:28:05.383-06:00  INFO 53152 --- [    Test worker] o.l.c.CaninecoachApplicationTests        : Starting CaninecoachApplicationTests using Java 17.0.8 with PID 53152 (started by lucydames in /Users/lucydames/IdeaProjects/group-michael-2/caninecoach)
2024-02-05T15:28:05.384-06:00  INFO 53152 --- [    Test worker] o.l.c.CaninecoachApplicationTests        : No active profile set, falling back to 1 default profile: "default"
2024-02-05T15:28:05.861-06:00  INFO 53152 --- [    Test worker] .s.d.r.c.RepositoryConfigurationDelegate : Bootstrapping Spring Data JPA repositories in DEFAULT mode.
2024-02-05T15:28:05.895-06:00  INFO 53152 --- [    Test worker] .s.d.r.c.RepositoryConfigurationDelegate : Finished Spring Data repository scanning in 29 ms. Found 1 JPA repository interface.
2024-02-05T15:28:06.196-06:00  INFO 53152 --- [    Test worker] o.hibernate.jpa.internal.util.LogHelper  : HHH000204: Processing PersistenceUnitInfo [name: default]
2024-02-05T15:28:06.227-06:00  INFO 53152 --- [    Test worker] org.hibernate.Version                    : HHH000412: Hibernate ORM core version 6.4.1.Final
2024-02-05T15:28:06.247-06:00  INFO 53152 --- [    Test worker] o.h.c.internal.RegionFactoryInitiator    : HHH000026: Second-level cache disabled
2024-02-05T15:28:06.386-06:00  INFO 53152 --- [    Test worker] o.s.o.j.p.SpringPersistenceUnitInfo      : No LoadTimeWeaver setup: ignoring JPA class transformer
2024-02-05T15:28:06.403-06:00  INFO 53152 --- [    Test worker] com.zaxxer.hikari.HikariDataSource       : HikariPool-1 - Starting...
2024-02-05T15:28:06.667-06:00  INFO 53152 --- [    Test worker] com.zaxxer.hikari.pool.HikariPool        : HikariPool-1 - Added connection com.mysql.cj.jdbc.ConnectionImpl@51813065
2024-02-05T15:28:06.668-06:00  INFO 53152 --- [    Test worker] com.zaxxer.hikari.HikariDataSource       : HikariPool-1 - Start completed.
2024-02-05T15:28:06.723-06:00  WARN 53152 --- [    Test worker] org.hibernate.orm.deprecation            : HHH90000025: MySQL8Dialect does not need to be specified explicitly using 'hibernate.dialect' (remove the property setting and it will be selected by default)
2024-02-05T15:28:06.724-06:00  WARN 53152 --- [    Test worker] org.hibernate.orm.deprecation            : HHH90000026: MySQL8Dialect has been deprecated; use org.hibernate.dialect.MySQLDialect instead
2024-02-05T15:28:07.248-06:00  INFO 53152 --- [    Test worker] o.h.e.t.j.p.i.JtaPlatformInitiator       : HHH000489: No JTA platform available (set 'hibernate.transaction.jta.platform' to enable JTA platform integration)
2024-02-05T15:28:07.309-06:00  INFO 53152 --- [    Test worker] j.LocalContainerEntityManagerFactoryBean : Initialized JPA EntityManagerFactory for persistence unit 'default'
2024-02-05T15:28:07.593-06:00  WARN 53152 --- [    Test worker] JpaBaseConfiguration$JpaWebConfiguration : spring.jpa.open-in-view is enabled by default. Therefore, database queries may be performed during view rendering. Explicitly configure spring.jpa.open-in-view to disable this warning
2024-02-05T15:28:07.823-06:00  INFO 53152 --- [    Test worker] o.s.s.web.DefaultSecurityFilterChain     : Will secure any request with [org.springframework.security.web.session.DisableEncodeUrlFilter@153cf928, org.springframework.security.web.context.request.async.WebAsyncManagerIntegrationFilter@4884350b, org.springframework.security.web.context.SecurityContextHolderFilter@751526a7, org.springframework.security.web.header.HeaderWriterFilter@37a0c3c6, org.springframework.web.filter.CorsFilter@53cba89f, org.springframework.security.web.authentication.logout.LogoutFilter@77e64a46, org.springframework.security.oauth2.client.web.OAuth2AuthorizationRequestRedirectFilter@259ae1a9, org.springframework.security.oauth2.client.web.OAuth2LoginAuthenticationFilter@2c56e044, org.springframework.security.web.authentication.ui.DefaultLoginPageGeneratingFilter@59ac60d1, org.springframework.security.web.authentication.ui.DefaultLogoutPageGeneratingFilter@66ad7167, org.springframework.security.web.authentication.www.BasicAuthenticationFilter@57def953, org.springframework.security.web.savedrequest.RequestCacheAwareFilter@4c5e123d, org.springframework.security.web.servletapi.SecurityContextHolderAwareRequestFilter@69542112, org.springframework.security.web.authentication.AnonymousAuthenticationFilter@14aa2123, org.springframework.security.web.session.SessionManagementFilter@219ec4b6, org.springframework.security.web.access.ExceptionTranslationFilter@76055d02, org.springframework.security.web.access.intercept.AuthorizationFilter@597eb9ac]
2024-02-05T15:28:08.259-06:00  INFO 53152 --- [    Test worker] o.l.c.CaninecoachApplicationTests        : Started CaninecoachApplicationTests in 3.014 seconds (process running for 3.713)
]]></system-out>
  <system-err><![CDATA[]]></system-err>
</testsuite>
