<?xml version="1.0" encoding="UTF-8"?>
<testsuite name="org.launchcode.caninecoach.CaninecoachApplicationTests" tests="1" skipped="0" failures="0" errors="0" timestamp="2024-02-10T19:30:24" hostname="Lucys-Air.lan" time="0.354">
  <properties/>
  <testcase name="contextLoads()" classname="org.launchcode.caninecoach.CaninecoachApplicationTests" time="0.354"/>
  <system-out><![CDATA[13:30:21.591 [Test worker] INFO org.springframework.test.context.support.AnnotationConfigContextLoaderUtils -- Could not detect default configuration classes for test class [org.launchcode.caninecoach.CaninecoachApplicationTests]: CaninecoachApplicationTests does not declare any static, non-private, non-final, nested classes annotated with @Configuration.
13:30:21.656 [Test worker] INFO org.springframework.boot.test.context.SpringBootTestContextBootstrapper -- Found @SpringBootConfiguration org.launchcode.caninecoach.CaninecoachApplication for test class org.launchcode.caninecoach.CaninecoachApplicationTests

  .   ____          _            __ _ _
 /\\ / ___'_ __ _ _(_)_ __  __ _ \ \ \ \
( ( )\___ | '_ | '_| | '_ \/ _` | \ \ \ \
 \\/  ___)| |_)| | | | | || (_| |  ) ) ) )
  '  |____| .__|_| |_|_| |_\__, | / / / /
 =========|_|==============|___/=/_/_/_/
 :: Spring Boot ::             (v3.3.0-M1)

2024-02-10T13:30:21.894-06:00  INFO 40588 --- [    Test worker] o.l.c.CaninecoachApplicationTests        : Starting CaninecoachApplicationTests using Java 17.0.8 with PID 40588 (started by lucydames in /Users/lucydames/IdeaProjects/group-michael-2/caninecoach)
2024-02-10T13:30:21.895-06:00  INFO 40588 --- [    Test worker] o.l.c.CaninecoachApplicationTests        : No active profile set, falling back to 1 default profile: "default"
2024-02-10T13:30:22.524-06:00  INFO 40588 --- [    Test worker] .s.d.r.c.RepositoryConfigurationDelegate : Bootstrapping Spring Data JPA repositories in DEFAULT mode.
2024-02-10T13:30:22.563-06:00  INFO 40588 --- [    Test worker] .s.d.r.c.RepositoryConfigurationDelegate : Finished Spring Data repository scanning in 33 ms. Found 2 JPA repository interfaces.
2024-02-10T13:30:22.880-06:00  INFO 40588 --- [    Test worker] o.hibernate.jpa.internal.util.LogHelper  : HHH000204: Processing PersistenceUnitInfo [name: default]
2024-02-10T13:30:22.911-06:00  INFO 40588 --- [    Test worker] org.hibernate.Version                    : HHH000412: Hibernate ORM core version 6.4.1.Final
2024-02-10T13:30:22.930-06:00  INFO 40588 --- [    Test worker] o.h.c.internal.RegionFactoryInitiator    : HHH000026: Second-level cache disabled
2024-02-10T13:30:23.067-06:00  INFO 40588 --- [    Test worker] o.s.o.j.p.SpringPersistenceUnitInfo      : No LoadTimeWeaver setup: ignoring JPA class transformer
2024-02-10T13:30:23.085-06:00  INFO 40588 --- [    Test worker] com.zaxxer.hikari.HikariDataSource       : HikariPool-1 - Starting...
2024-02-10T13:30:23.361-06:00  INFO 40588 --- [    Test worker] com.zaxxer.hikari.pool.HikariPool        : HikariPool-1 - Added connection com.mysql.cj.jdbc.ConnectionImpl@60a4e619
2024-02-10T13:30:23.362-06:00  INFO 40588 --- [    Test worker] com.zaxxer.hikari.HikariDataSource       : HikariPool-1 - Start completed.
2024-02-10T13:30:23.409-06:00  WARN 40588 --- [    Test worker] org.hibernate.orm.deprecation            : HHH90000025: MySQL8Dialect does not need to be specified explicitly using 'hibernate.dialect' (remove the property setting and it will be selected by default)
2024-02-10T13:30:23.409-06:00  WARN 40588 --- [    Test worker] org.hibernate.orm.deprecation            : HHH90000026: MySQL8Dialect has been deprecated; use org.hibernate.dialect.MySQLDialect instead
2024-02-10T13:30:23.952-06:00  INFO 40588 --- [    Test worker] o.h.e.t.j.p.i.JtaPlatformInitiator       : HHH000489: No JTA platform available (set 'hibernate.transaction.jta.platform' to enable JTA platform integration)
Hibernate: alter table users add column verified bit
2024-02-10T13:30:24.068-06:00  INFO 40588 --- [    Test worker] j.LocalContainerEntityManagerFactoryBean : Initialized JPA EntityManagerFactory for persistence unit 'default'
2024-02-10T13:30:24.379-06:00  WARN 40588 --- [    Test worker] JpaBaseConfiguration$JpaWebConfiguration : spring.jpa.open-in-view is enabled by default. Therefore, database queries may be performed during view rendering. Explicitly configure spring.jpa.open-in-view to disable this warning
2024-02-10T13:30:24.585-06:00  INFO 40588 --- [    Test worker] o.s.s.web.DefaultSecurityFilterChain     : Will secure any request with [org.springframework.security.web.session.DisableEncodeUrlFilter@4f09d998, org.springframework.security.web.context.request.async.WebAsyncManagerIntegrationFilter@cbd3871, org.springframework.security.web.context.SecurityContextHolderFilter@709c6768, org.springframework.security.web.header.HeaderWriterFilter@1ea78c72, org.springframework.web.filter.CorsFilter@66694050, org.springframework.security.web.authentication.logout.LogoutFilter@7828bc6b, org.springframework.security.oauth2.client.web.OAuth2AuthorizationRequestRedirectFilter@375682a5, org.springframework.security.oauth2.client.web.OAuth2LoginAuthenticationFilter@6441cff1, org.springframework.security.web.authentication.ui.DefaultLoginPageGeneratingFilter@6b3284, org.springframework.security.web.authentication.ui.DefaultLogoutPageGeneratingFilter@39303a6, org.springframework.security.web.authentication.www.BasicAuthenticationFilter@55b7f9f1, org.springframework.security.web.savedrequest.RequestCacheAwareFilter@403b7be3, org.springframework.security.web.servletapi.SecurityContextHolderAwareRequestFilter@2a5d9ede, org.springframework.security.web.authentication.AnonymousAuthenticationFilter@2d7df55, org.springframework.security.web.session.SessionManagementFilter@42a198dd, org.springframework.security.web.access.ExceptionTranslationFilter@765e5a55, org.springframework.security.web.access.intercept.AuthorizationFilter@c680819]
2024-02-10T13:30:24.832-06:00  INFO 40588 --- [    Test worker] o.l.c.CaninecoachApplicationTests        : Started CaninecoachApplicationTests in 3.082 seconds (process running for 3.854)
]]></system-out>
  <system-err><![CDATA[]]></system-err>
</testsuite>
