<?xml version="1.0" encoding="UTF-8"?>
<testsuite name="org.launchcode.caninecoach.CaninecoachApplicationTests" tests="1" skipped="0" failures="0" errors="0" timestamp="2024-02-05T22:36:47" hostname="Lucys-MacBook-Air.local" time="0.372">
  <properties/>
  <testcase name="contextLoads()" classname="org.launchcode.caninecoach.CaninecoachApplicationTests" time="0.372"/>
  <system-out><![CDATA[16:36:44.136 [Test worker] INFO org.springframework.test.context.support.AnnotationConfigContextLoaderUtils -- Could not detect default configuration classes for test class [org.launchcode.caninecoach.CaninecoachApplicationTests]: CaninecoachApplicationTests does not declare any static, non-private, non-final, nested classes annotated with @Configuration.
16:36:44.211 [Test worker] INFO org.springframework.boot.test.context.SpringBootTestContextBootstrapper -- Found @SpringBootConfiguration org.launchcode.caninecoach.CaninecoachApplication for test class org.launchcode.caninecoach.CaninecoachApplicationTests

  .   ____          _            __ _ _
 /\\ / ___'_ __ _ _(_)_ __  __ _ \ \ \ \
( ( )\___ | '_ | '_| | '_ \/ _` | \ \ \ \
 \\/  ___)| |_)| | | | | || (_| |  ) ) ) )
  '  |____| .__|_| |_|_| |_\__, | / / / /
 =========|_|==============|___/=/_/_/_/
 :: Spring Boot ::             (v3.3.0-M1)

2024-02-05T16:36:44.490-06:00  INFO 38329 --- [    Test worker] o.l.c.CaninecoachApplicationTests        : Starting CaninecoachApplicationTests using Java 17.0.8 with PID 38329 (started by lucydames in /Users/lucydames/IdeaProjects/group-michael-2/caninecoach)
2024-02-05T16:36:44.491-06:00  INFO 38329 --- [    Test worker] o.l.c.CaninecoachApplicationTests        : No active profile set, falling back to 1 default profile: "default"
2024-02-05T16:36:45.115-06:00  INFO 38329 --- [    Test worker] .s.d.r.c.RepositoryConfigurationDelegate : Bootstrapping Spring Data JPA repositories in DEFAULT mode.
2024-02-05T16:36:45.152-06:00  INFO 38329 --- [    Test worker] .s.d.r.c.RepositoryConfigurationDelegate : Finished Spring Data repository scanning in 31 ms. Found 1 JPA repository interface.
2024-02-05T16:36:45.452-06:00  INFO 38329 --- [    Test worker] o.hibernate.jpa.internal.util.LogHelper  : HHH000204: Processing PersistenceUnitInfo [name: default]
2024-02-05T16:36:45.483-06:00  INFO 38329 --- [    Test worker] org.hibernate.Version                    : HHH000412: Hibernate ORM core version 6.4.1.Final
2024-02-05T16:36:45.502-06:00  INFO 38329 --- [    Test worker] o.h.c.internal.RegionFactoryInitiator    : HHH000026: Second-level cache disabled
2024-02-05T16:36:45.642-06:00  INFO 38329 --- [    Test worker] o.s.o.j.p.SpringPersistenceUnitInfo      : No LoadTimeWeaver setup: ignoring JPA class transformer
2024-02-05T16:36:45.659-06:00  INFO 38329 --- [    Test worker] com.zaxxer.hikari.HikariDataSource       : HikariPool-1 - Starting...
2024-02-05T16:36:45.895-06:00  INFO 38329 --- [    Test worker] com.zaxxer.hikari.pool.HikariPool        : HikariPool-1 - Added connection com.mysql.cj.jdbc.ConnectionImpl@391d28ea
2024-02-05T16:36:45.897-06:00  INFO 38329 --- [    Test worker] com.zaxxer.hikari.HikariDataSource       : HikariPool-1 - Start completed.
2024-02-05T16:36:45.927-06:00  WARN 38329 --- [    Test worker] org.hibernate.orm.deprecation            : HHH90000025: MySQL8Dialect does not need to be specified explicitly using 'hibernate.dialect' (remove the property setting and it will be selected by default)
2024-02-05T16:36:45.928-06:00  WARN 38329 --- [    Test worker] org.hibernate.orm.deprecation            : HHH90000026: MySQL8Dialect has been deprecated; use org.hibernate.dialect.MySQLDialect instead
2024-02-05T16:36:46.430-06:00  INFO 38329 --- [    Test worker] o.h.e.t.j.p.i.JtaPlatformInitiator       : HHH000489: No JTA platform available (set 'hibernate.transaction.jta.platform' to enable JTA platform integration)
2024-02-05T16:36:46.469-06:00  INFO 38329 --- [    Test worker] j.LocalContainerEntityManagerFactoryBean : Initialized JPA EntityManagerFactory for persistence unit 'default'
2024-02-05T16:36:46.784-06:00  WARN 38329 --- [    Test worker] JpaBaseConfiguration$JpaWebConfiguration : spring.jpa.open-in-view is enabled by default. Therefore, database queries may be performed during view rendering. Explicitly configure spring.jpa.open-in-view to disable this warning
2024-02-05T16:36:47.134-06:00  INFO 38329 --- [    Test worker] o.s.s.web.DefaultSecurityFilterChain     : Will secure any request with [org.springframework.security.web.session.DisableEncodeUrlFilter@401b7226, org.springframework.security.web.context.request.async.WebAsyncManagerIntegrationFilter@1b62ad1e, org.springframework.security.web.context.SecurityContextHolderFilter@1e86b2d1, org.springframework.security.web.header.HeaderWriterFilter@4db10b9f, org.springframework.web.filter.CorsFilter@714a4ba2, org.springframework.security.web.authentication.logout.LogoutFilter@75708130, org.springframework.security.oauth2.client.web.OAuth2AuthorizationRequestRedirectFilter@3b9c386d, org.springframework.security.oauth2.client.web.OAuth2LoginAuthenticationFilter@26398f67, org.springframework.security.web.authentication.ui.DefaultLoginPageGeneratingFilter@3fe59f84, org.springframework.security.web.authentication.ui.DefaultLogoutPageGeneratingFilter@6ddc817f, org.springframework.security.web.authentication.www.BasicAuthenticationFilter@2c989d82, org.springframework.security.web.savedrequest.RequestCacheAwareFilter@4865434e, org.springframework.security.web.servletapi.SecurityContextHolderAwareRequestFilter@3c6e407, org.springframework.security.web.authentication.AnonymousAuthenticationFilter@764d54a0, org.springframework.security.web.session.SessionManagementFilter@443b9ebb, org.springframework.security.web.access.ExceptionTranslationFilter@5e97da56, org.springframework.security.web.access.intercept.AuthorizationFilter@1a67bcaf]
2024-02-05T16:36:47.436-06:00  INFO 38329 --- [    Test worker] o.l.c.CaninecoachApplicationTests        : Started CaninecoachApplicationTests in 3.12 seconds (process running for 3.861)
]]></system-out>
  <system-err><![CDATA[]]></system-err>
</testsuite>
