<?xml version="1.0" encoding="UTF-8"?>
<testsuite name="org.launchcode.caninecoach.CaninecoachApplicationTests" tests="1" skipped="0" failures="0" errors="0" timestamp="2024-02-05T21:35:42" hostname="Lucys-MacBook-Air.local" time="0.403">
  <properties/>
  <testcase name="contextLoads()" classname="org.launchcode.caninecoach.CaninecoachApplicationTests" time="0.403"/>
  <system-out><![CDATA[15:35:39.734 [Test worker] INFO org.springframework.test.context.support.AnnotationConfigContextLoaderUtils -- Could not detect default configuration classes for test class [org.launchcode.caninecoach.CaninecoachApplicationTests]: CaninecoachApplicationTests does not declare any static, non-private, non-final, nested classes annotated with @Configuration.
15:35:39.798 [Test worker] INFO org.springframework.boot.test.context.SpringBootTestContextBootstrapper -- Found @SpringBootConfiguration org.launchcode.caninecoach.CaninecoachApplication for test class org.launchcode.caninecoach.CaninecoachApplicationTests

  .   ____          _            __ _ _
 /\\ / ___'_ __ _ _(_)_ __  __ _ \ \ \ \
( ( )\___ | '_ | '_| | '_ \/ _` | \ \ \ \
 \\/  ___)| |_)| | | | | || (_| |  ) ) ) )
  '  |____| .__|_| |_|_| |_\__, | / / / /
 =========|_|==============|___/=/_/_/_/
 :: Spring Boot ::             (v3.3.0-M1)

2024-02-05T15:35:40.028-06:00  INFO 63298 --- [    Test worker] o.l.c.CaninecoachApplicationTests        : Starting CaninecoachApplicationTests using Java 17.0.8 with PID 63298 (started by lucydames in /Users/lucydames/IdeaProjects/group-michael-2/caninecoach)
2024-02-05T15:35:40.029-06:00  INFO 63298 --- [    Test worker] o.l.c.CaninecoachApplicationTests        : No active profile set, falling back to 1 default profile: "default"
2024-02-05T15:35:40.580-06:00  INFO 63298 --- [    Test worker] .s.d.r.c.RepositoryConfigurationDelegate : Bootstrapping Spring Data JPA repositories in DEFAULT mode.
2024-02-05T15:35:40.622-06:00  INFO 63298 --- [    Test worker] .s.d.r.c.RepositoryConfigurationDelegate : Finished Spring Data repository scanning in 37 ms. Found 1 JPA repository interface.
2024-02-05T15:35:40.938-06:00  INFO 63298 --- [    Test worker] o.hibernate.jpa.internal.util.LogHelper  : HHH000204: Processing PersistenceUnitInfo [name: default]
2024-02-05T15:35:40.968-06:00  INFO 63298 --- [    Test worker] org.hibernate.Version                    : HHH000412: Hibernate ORM core version 6.4.1.Final
2024-02-05T15:35:40.987-06:00  INFO 63298 --- [    Test worker] o.h.c.internal.RegionFactoryInitiator    : HHH000026: Second-level cache disabled
2024-02-05T15:35:41.124-06:00  INFO 63298 --- [    Test worker] o.s.o.j.p.SpringPersistenceUnitInfo      : No LoadTimeWeaver setup: ignoring JPA class transformer
2024-02-05T15:35:41.141-06:00  INFO 63298 --- [    Test worker] com.zaxxer.hikari.HikariDataSource       : HikariPool-1 - Starting...
2024-02-05T15:35:41.352-06:00  INFO 63298 --- [    Test worker] com.zaxxer.hikari.pool.HikariPool        : HikariPool-1 - Added connection com.mysql.cj.jdbc.ConnectionImpl@27e21083
2024-02-05T15:35:41.353-06:00  INFO 63298 --- [    Test worker] com.zaxxer.hikari.HikariDataSource       : HikariPool-1 - Start completed.
2024-02-05T15:35:41.386-06:00  WARN 63298 --- [    Test worker] org.hibernate.orm.deprecation            : HHH90000025: MySQL8Dialect does not need to be specified explicitly using 'hibernate.dialect' (remove the property setting and it will be selected by default)
2024-02-05T15:35:41.387-06:00  WARN 63298 --- [    Test worker] org.hibernate.orm.deprecation            : HHH90000026: MySQL8Dialect has been deprecated; use org.hibernate.dialect.MySQLDialect instead
2024-02-05T15:35:41.906-06:00  INFO 63298 --- [    Test worker] o.h.e.t.j.p.i.JtaPlatformInitiator       : HHH000489: No JTA platform available (set 'hibernate.transaction.jta.platform' to enable JTA platform integration)
2024-02-05T15:35:41.944-06:00  INFO 63298 --- [    Test worker] j.LocalContainerEntityManagerFactoryBean : Initialized JPA EntityManagerFactory for persistence unit 'default'
2024-02-05T15:35:42.250-06:00  WARN 63298 --- [    Test worker] JpaBaseConfiguration$JpaWebConfiguration : spring.jpa.open-in-view is enabled by default. Therefore, database queries may be performed during view rendering. Explicitly configure spring.jpa.open-in-view to disable this warning
2024-02-05T15:35:42.468-06:00  INFO 63298 --- [    Test worker] o.s.s.web.DefaultSecurityFilterChain     : Will secure any request with [org.springframework.security.web.session.DisableEncodeUrlFilter@7ab8c972, org.springframework.security.web.context.request.async.WebAsyncManagerIntegrationFilter@76cad511, org.springframework.security.web.context.SecurityContextHolderFilter@3618486e, org.springframework.security.web.header.HeaderWriterFilter@694dc99b, org.springframework.web.filter.CorsFilter@1ff52a71, org.springframework.security.web.authentication.logout.LogoutFilter@3aac31b7, org.springframework.security.oauth2.client.web.OAuth2AuthorizationRequestRedirectFilter@14aa2123, org.springframework.security.oauth2.client.web.OAuth2LoginAuthenticationFilter@3bea478e, org.springframework.security.web.authentication.ui.DefaultLoginPageGeneratingFilter@5e781b4f, org.springframework.security.web.authentication.ui.DefaultLogoutPageGeneratingFilter@3338d706, org.springframework.security.web.authentication.www.BasicAuthenticationFilter@57fb6900, org.springframework.security.web.savedrequest.RequestCacheAwareFilter@4ebd0b52, org.springframework.security.web.servletapi.SecurityContextHolderAwareRequestFilter@65a01901, org.springframework.security.web.authentication.AnonymousAuthenticationFilter@f776b4a, org.springframework.security.web.session.SessionManagementFilter@4a15d5f5, org.springframework.security.web.access.ExceptionTranslationFilter@1503f434, org.springframework.security.web.access.intercept.AuthorizationFilter@27ada0e8]
2024-02-05T15:35:42.791-06:00  INFO 63298 --- [    Test worker] o.l.c.CaninecoachApplicationTests        : Started CaninecoachApplicationTests in 2.906 seconds (process running for 3.76)
]]></system-out>
  <system-err><![CDATA[]]></system-err>
</testsuite>
